<?xml version="1.0" encoding="UTF-8"?>
<testsuite name="seedu.address.logic.LogicManagerTest" tests="6" skipped="0" failures="0" errors="0" timestamp="2026-03-06T04:33:27" hostname="Ricks-MacBook-Pro-2.local" time="0.024">
  <properties/>
  <testcase name="execute_invalidCommandFormat_throwsParseException()" classname="seedu.address.logic.LogicManagerTest" time="0.004"/>
  <testcase name="execute_storageThrowsAdException_throwsCommandException()" classname="seedu.address.logic.LogicManagerTest" time="0.011"/>
  <testcase name="execute_validCommand_success()" classname="seedu.address.logic.LogicManagerTest" time="0.004"/>
  <testcase name="execute_storageThrowsIoException_throwsCommandException()" classname="seedu.address.logic.LogicManagerTest" time="0.003"/>
  <testcase name="execute_commandExecutionError_throwsCommandException()" classname="seedu.address.logic.LogicManagerTest" time="0.001"/>
  <testcase name="getFilteredPersonList_modifyList_throwsUnsupportedOperationException()" classname="seedu.address.logic.LogicManagerTest" time="0.001"/>
  <system-out><![CDATA[]]></system-out>
  <system-err><![CDATA[Mar 06, 2026 12:33:27 PM seedu.address.logic.LogicManager execute
INFO: ----------------[USER COMMAND][uicfhmowqewca]
Mar 06, 2026 12:33:27 PM seedu.address.logic.LogicManager execute
INFO: ----------------[USER COMMAND][add n/Amy Bee p/11111111 e/amy@example.com a/Block 312, Amy Street 1]
Mar 06, 2026 12:33:27 PM seedu.address.logic.LogicManager execute
INFO: ----------------[USER COMMAND][list]
Mar 06, 2026 12:33:27 PM seedu.address.logic.LogicManager execute
INFO: ----------------[USER COMMAND][add n/Amy Bee p/11111111 e/amy@example.com a/Block 312, Amy Street 1]
Mar 06, 2026 12:33:27 PM seedu.address.logic.LogicManager execute
INFO: ----------------[USER COMMAND][delete 9]
]]></system-err>
</testsuite>
