<?xml version="1.0" encoding="UTF-8"?>
<testsuite name="seedu.address.logic.parser.DeleteCommandParserTest" tests="2" skipped="0" failures="0" errors="0" timestamp="2026-03-06T04:33:27" hostname="Ricks-MacBook-Pro-2.local" time="0.0">
  <properties/>
  <testcase name="parse_validArgs_returnsDeleteCommand()" classname="seedu.address.logic.parser.DeleteCommandParserTest" time="0.0"/>
  <testcase name="parse_invalidArgs_throwsParseException()" classname="seedu.address.logic.parser.DeleteCommandParserTest" time="0.0"/>
  <system-out><![CDATA[]]></system-out>
  <system-err><![CDATA[]]></system-err>
</testsuite>
