<?xml version="1.0" encoding="UTF-8"?>
<testsuite name="seedu.address.commons.util.AppUtilTest" tests="5" skipped="0" failures="0" errors="0" timestamp="2026-03-06T04:33:26" hostname="Ricks-MacBook-Pro-2.local" time="0.12">
  <properties/>
  <testcase name="getImage_exitingImage()" classname="seedu.address.commons.util.AppUtilTest" time="0.118"/>
  <testcase name="checkArgument_falseWithoutErrorMessage_throwsIllegalArgumentException()" classname="seedu.address.commons.util.AppUtilTest" time="0.0"/>
  <testcase name="getImage_nullGiven_throwsNullPointerException()" classname="seedu.address.commons.util.AppUtilTest" time="0.001"/>
  <testcase name="checkArgument_true_nothingHappens()" classname="seedu.address.commons.util.AppUtilTest" time="0.0"/>
  <testcase name="checkArgument_falseWithErrorMessage_throwsIllegalArgumentException()" classname="seedu.address.commons.util.AppUtilTest" time="0.0"/>
  <system-out><![CDATA[]]></system-out>
  <system-err><![CDATA[]]></system-err>
</testsuite>
