<?xml version="1.0" encoding="UTF-8"?>
<testsuite name="seedu.address.logic.parser.AddressBookParserTest" tests="10" skipped="0" failures="0" errors="0" timestamp="2026-03-06T04:33:27" hostname="Ricks-MacBook-Pro-2.local" time="0.005">
  <properties/>
  <testcase name="parseCommand_delete()" classname="seedu.address.logic.parser.AddressBookParserTest" time="0.0"/>
  <testcase name="parseCommand_add()" classname="seedu.address.logic.parser.AddressBookParserTest" time="0.0"/>
  <testcase name="parseCommand_unrecognisedInput_throwsParseException()" classname="seedu.address.logic.parser.AddressBookParserTest" time="0.0"/>
  <testcase name="parseCommand_clear()" classname="seedu.address.logic.parser.AddressBookParserTest" time="0.001"/>
  <testcase name="parseCommand_edit()" classname="seedu.address.logic.parser.AddressBookParserTest" time="0.002"/>
  <testcase name="parseCommand_exit()" classname="seedu.address.logic.parser.AddressBookParserTest" time="0.0"/>
  <testcase name="parseCommand_find()" classname="seedu.address.logic.parser.AddressBookParserTest" time="0.0"/>
  <testcase name="parseCommand_help()" classname="seedu.address.logic.parser.AddressBookParserTest" time="0.0"/>
  <testcase name="parseCommand_list()" classname="seedu.address.logic.parser.AddressBookParserTest" time="0.0"/>
  <testcase name="parseCommand_unknownCommand_throwsParseException()" classname="seedu.address.logic.parser.AddressBookParserTest" time="0.0"/>
  <system-out><![CDATA[]]></system-out>
  <system-err><![CDATA[]]></system-err>
</testsuite>
