<?xml version="1.0" encoding="UTF-8"?>
<testsuite name="seedu.address.logic.commands.FindCommandTest" tests="4" skipped="0" failures="0" errors="0" timestamp="2026-03-06T04:33:27" hostname="Ricks-MacBook-Pro-2.local" time="0.002">
  <properties/>
  <testcase name="execute_zeroKeywords_noPersonFound()" classname="seedu.address.logic.commands.FindCommandTest" time="0.001"/>
  <testcase name="equals()" classname="seedu.address.logic.commands.FindCommandTest" time="0.0"/>
  <testcase name="toStringMethod()" classname="seedu.address.logic.commands.FindCommandTest" time="0.0"/>
  <testcase name="execute_multipleKeywords_multiplePersonsFound()" classname="seedu.address.logic.commands.FindCommandTest" time="0.001"/>
  <system-out><![CDATA[]]></system-out>
  <system-err><![CDATA[]]></system-err>
</testsuite>
