<?xml version="1.0" encoding="UTF-8"?>
<testsuite name="seedu.address.logic.commands.AddCommandIntegrationTest" tests="2" skipped="0" failures="0" errors="0" timestamp="2026-03-06T04:33:27" hostname="Ricks-MacBook-Pro-2.local" time="0.001">
  <properties/>
  <testcase name="execute_newPerson_success()" classname="seedu.address.logic.commands.AddCommandIntegrationTest" time="0.0"/>
  <testcase name="execute_duplicatePerson_throwsCommandException()" classname="seedu.address.logic.commands.AddCommandIntegrationTest" time="0.0"/>
  <system-out><![CDATA[]]></system-out>
  <system-err><![CDATA[]]></system-err>
</testsuite>
