<?xml version="1.0" encoding="UTF-8"?>
<testsuite name="seedu.address.model.person.NameContainsKeywordsPredicateTest" tests="4" skipped="0" failures="0" errors="0" timestamp="2026-03-06T04:33:27" hostname="Ricks-MacBook-Pro-2.local" time="0.001">
  <properties/>
  <testcase name="equals()" classname="seedu.address.model.person.NameContainsKeywordsPredicateTest" time="0.0"/>
  <testcase name="toStringMethod()" classname="seedu.address.model.person.NameContainsKeywordsPredicateTest" time="0.0"/>
  <testcase name="test_nameContainsKeywords_returnsTrue()" classname="seedu.address.model.person.NameContainsKeywordsPredicateTest" time="0.0"/>
  <testcase name="test_nameDoesNotContainKeywords_returnsFalse()" classname="seedu.address.model.person.NameContainsKeywordsPredicateTest" time="0.0"/>
  <system-out><![CDATA[]]></system-out>
  <system-err><![CDATA[]]></system-err>
</testsuite>
