<?xml version="1.0" encoding="UTF-8"?>
<testsuite name="seedu.address.storage.JsonUserPrefsStorageTest" tests="9" skipped="0" failures="0" errors="0" timestamp="2026-03-06T04:33:27" hostname="Ricks-MacBook-Pro-2.local" time="0.012">
  <properties/>
  <testcase name="savePrefs_nullPrefs_throwsNullPointerException()" classname="seedu.address.storage.JsonUserPrefsStorageTest" time="0.001"/>
  <testcase name="readUserPrefs_fileInOrder_successfullyRead()" classname="seedu.address.storage.JsonUserPrefsStorageTest" time="0.003"/>
  <testcase name="readUserPrefs_nullFilePath_throwsNullPointerException()" classname="seedu.address.storage.JsonUserPrefsStorageTest" time="0.0"/>
  <testcase name="readUserPrefs_notJsonFormat_exceptionThrown()" classname="seedu.address.storage.JsonUserPrefsStorageTest" time="0.001"/>
  <testcase name="saveUserPrefs_nullFilePath_throwsNullPointerException()" classname="seedu.address.storage.JsonUserPrefsStorageTest" time="0.001"/>
  <testcase name="readUserPrefs_valuesMissingFromFile_defaultValuesUsed()" classname="seedu.address.storage.JsonUserPrefsStorageTest" time="0.0"/>
  <testcase name="readUserPrefs_missingFile_emptyResult()" classname="seedu.address.storage.JsonUserPrefsStorageTest" time="0.001"/>
  <testcase name="saveUserPrefs_allInOrder_success()" classname="seedu.address.storage.JsonUserPrefsStorageTest" time="0.004"/>
  <testcase name="readUserPrefs_extraValuesInFile_extraValuesIgnored()" classname="seedu.address.storage.JsonUserPrefsStorageTest" time="0.001"/>
  <system-out><![CDATA[]]></system-out>
  <system-err><![CDATA[Mar 06, 2026 12:33:27 PM seedu.address.commons.util.JsonUtil readJsonFile
INFO: JSON file src/test/data/JsonUserPrefsStorageTest/TypicalUserPref.json found.
Mar 06, 2026 12:33:27 PM seedu.address.commons.util.JsonUtil readJsonFile
INFO: JSON file src/test/data/JsonUserPrefsStorageTest/NotJsonFormatUserPrefs.json found.
Mar 06, 2026 12:33:27 PM seedu.address.commons.util.JsonUtil readJsonFile
WARNING: Error reading from jsonFile file src/test/data/JsonUserPrefsStorageTest/NotJsonFormatUserPrefs.json: com.fasterxml.jackson.core.JsonParseException: Unrecognized token 'Not': was expecting 'null', 'true', 'false' or NaN
 at [Source: Not a json file!
; line: 1, column: 4]
Mar 06, 2026 12:33:27 PM seedu.address.commons.util.JsonUtil readJsonFile
INFO: JSON file src/test/data/JsonUserPrefsStorageTest/EmptyUserPrefs.json found.
Mar 06, 2026 12:33:27 PM seedu.address.commons.util.JsonUtil readJsonFile
INFO: JSON file /var/folders/w3/0p0n3c6x5g5g4h7cl77cwt8h0000gn/T/junit11339468381313182617/TempPrefs.json found.
Mar 06, 2026 12:33:27 PM seedu.address.commons.util.JsonUtil readJsonFile
INFO: JSON file /var/folders/w3/0p0n3c6x5g5g4h7cl77cwt8h0000gn/T/junit11339468381313182617/TempPrefs.json found.
Mar 06, 2026 12:33:27 PM seedu.address.commons.util.JsonUtil readJsonFile
INFO: JSON file src/test/data/JsonUserPrefsStorageTest/ExtraValuesUserPref.json found.
]]></system-err>
</testsuite>
