<?xml version="1.0" encoding="UTF-8"?>
<testsuite name="seedu.address.commons.util.JsonUtilTest" tests="2" skipped="0" failures="0" errors="0" timestamp="2026-03-06T04:33:26" hostname="Ricks-MacBook-Pro-2.local" time="0.008">
  <properties/>
  <testcase name="deserializeObjectFromJsonFile_noExceptionThrown()" classname="seedu.address.commons.util.JsonUtilTest" time="0.005"/>
  <testcase name="serializeObjectToJsonFile_noExceptionThrown()" classname="seedu.address.commons.util.JsonUtilTest" time="0.003"/>
  <system-out><![CDATA[]]></system-out>
  <system-err><![CDATA[]]></system-err>
</testsuite>
