<?xml version="1.0" encoding="UTF-8"?>
<testsuite name="seedu.address.model.person.PersonTest" tests="4" skipped="0" failures="0" errors="0" timestamp="2026-03-06T04:33:26" hostname="Ricks-MacBook-Pro-2.local" time="0.019">
  <properties/>
  <testcase name="equals()" classname="seedu.address.model.person.PersonTest" time="0.01"/>
  <testcase name="toStringMethod()" classname="seedu.address.model.person.PersonTest" time="0.007"/>
  <testcase name="asObservableList_modifyList_throwsUnsupportedOperationException()" classname="seedu.address.model.person.PersonTest" time="0.0"/>
  <testcase name="isSamePerson()" classname="seedu.address.model.person.PersonTest" time="0.0"/>
  <system-out><![CDATA[]]></system-out>
  <system-err><![CDATA[]]></system-err>
</testsuite>
