<?xml version="1.0" encoding="UTF-8"?>
<testsuite name="seedu.address.logic.commands.EditCommandTest" tests="10" skipped="0" failures="0" errors="0" timestamp="2026-03-06T04:33:27" hostname="Ricks-MacBook-Pro-2.local" time="0.004">
  <properties/>
  <testcase name="execute_invalidPersonIndexUnfilteredList_failure()" classname="seedu.address.logic.commands.EditCommandTest" time="0.0"/>
  <testcase name="execute_duplicatePersonUnfilteredList_failure()" classname="seedu.address.logic.commands.EditCommandTest" time="0.001"/>
  <testcase name="equals()" classname="seedu.address.logic.commands.EditCommandTest" time="0.0"/>
  <testcase name="toStringMethod()" classname="seedu.address.logic.commands.EditCommandTest" time="0.0"/>
  <testcase name="execute_allFieldsSpecifiedUnfilteredList_success()" classname="seedu.address.logic.commands.EditCommandTest" time="0.001"/>
  <testcase name="execute_invalidPersonIndexFilteredList_failure()" classname="seedu.address.logic.commands.EditCommandTest" time="0.0"/>
  <testcase name="execute_duplicatePersonFilteredList_failure()" classname="seedu.address.logic.commands.EditCommandTest" time="0.0"/>
  <testcase name="execute_filteredList_success()" classname="seedu.address.logic.commands.EditCommandTest" time="0.0"/>
  <testcase name="execute_someFieldsSpecifiedUnfilteredList_success()" classname="seedu.address.logic.commands.EditCommandTest" time="0.0"/>
  <testcase name="execute_noFieldSpecifiedUnfilteredList_success()" classname="seedu.address.logic.commands.EditCommandTest" time="0.0"/>
  <system-out><![CDATA[]]></system-out>
  <system-err><![CDATA[]]></system-err>
</testsuite>
